<?xml version="1.0" encoding="UTF-8"?>
<testsuite name="zerobase.weather.WeatherApplicationTests" tests="1" skipped="0" failures="0" errors="0" timestamp="2022-09-01T05:26:41" hostname="DESKTOP-R7ANO7G" time="0.274">
  <properties/>
  <testcase name="equalTest()" classname="zerobase.weather.WeatherApplicationTests" time="0.274"/>
  <system-out><![CDATA[14:26:40.062 [Test worker] DEBUG org.springframework.test.context.BootstrapUtils - Instantiating CacheAwareContextLoaderDelegate from class [org.springframework.test.context.cache.DefaultCacheAwareContextLoaderDelegate]
14:26:40.069 [Test worker] DEBUG org.springframework.test.context.BootstrapUtils - Instantiating BootstrapContext using constructor [public org.springframework.test.context.support.DefaultBootstrapContext(java.lang.Class,org.springframework.test.context.CacheAwareContextLoaderDelegate)]
14:26:40.090 [Test worker] DEBUG org.springframework.test.context.BootstrapUtils - Instantiating TestContextBootstrapper for test class [zerobase.weather.WeatherApplicationTests] from class [org.springframework.boot.test.context.SpringBootTestContextBootstrapper]
14:26:40.097 [Test worker] INFO org.springframework.boot.test.context.SpringBootTestContextBootstrapper - Neither @ContextConfiguration nor @ContextHierarchy found for test class [zerobase.weather.WeatherApplicationTests], using SpringBootContextLoader
14:26:40.099 [Test worker] DEBUG org.springframework.test.context.support.AbstractContextLoader - Did not detect default resource location for test class [zerobase.weather.WeatherApplicationTests]: class path resource [zerobase/weather/WeatherApplicationTests-context.xml] does not exist
14:26:40.100 [Test worker] DEBUG org.springframework.test.context.support.AbstractContextLoader - Did not detect default resource location for test class [zerobase.weather.WeatherApplicationTests]: class path resource [zerobase/weather/WeatherApplicationTestsContext.groovy] does not exist
14:26:40.100 [Test worker] INFO org.springframework.test.context.support.AbstractContextLoader - Could not detect default resource locations for test class [zerobase.weather.WeatherApplicationTests]: no resource found for suffixes {-context.xml, Context.groovy}.
14:26:40.100 [Test worker] INFO org.springframework.test.context.support.AnnotationConfigContextLoaderUtils - Could not detect default configuration classes for test class [zerobase.weather.WeatherApplicationTests]: WeatherApplicationTests does not declare any static, non-private, non-final, nested classes annotated with @Configuration.
14:26:40.128 [Test worker] DEBUG org.springframework.test.context.support.ActiveProfilesUtils - Could not find an 'annotation declaring class' for annotation type [org.springframework.test.context.ActiveProfiles] and class [zerobase.weather.WeatherApplicationTests]
14:26:40.167 [Test worker] DEBUG org.springframework.context.annotation.ClassPathScanningCandidateComponentProvider - Identified candidate component class: file [D:\zerobase_project\weather_diary\weather_diary_skeleton\build\classes\java\main\zerobase\weather\WeatherApplication.class]
14:26:40.168 [Test worker] INFO org.springframework.boot.test.context.SpringBootTestContextBootstrapper - Found @SpringBootConfiguration zerobase.weather.WeatherApplication for test class zerobase.weather.WeatherApplicationTests
14:26:40.221 [Test worker] DEBUG org.springframework.boot.test.context.SpringBootTestContextBootstrapper - @TestExecutionListeners is not present for class [zerobase.weather.WeatherApplicationTests]: using defaults.
14:26:40.222 [Test worker] INFO org.springframework.boot.test.context.SpringBootTestContextBootstrapper - Loaded default TestExecutionListener class names from location [META-INF/spring.factories]: [org.springframework.boot.test.autoconfigure.restdocs.RestDocsTestExecutionListener, org.springframework.boot.test.autoconfigure.web.client.MockRestServiceServerResetTestExecutionListener, org.springframework.boot.test.autoconfigure.web.servlet.MockMvcPrintOnlyOnFailureTestExecutionListener, org.springframework.boot.test.autoconfigure.web.servlet.WebDriverTestExecutionListener, org.springframework.boot.test.autoconfigure.webservices.client.MockWebServiceServerTestExecutionListener, org.springframework.boot.test.mock.mockito.MockitoTestExecutionListener, org.springframework.boot.test.mock.mockito.ResetMocksTestExecutionListener, org.springframework.test.context.web.ServletTestExecutionListener, org.springframework.test.context.support.DirtiesContextBeforeModesTestExecutionListener, org.springframework.test.context.event.ApplicationEventsTestExecutionListener, org.springframework.test.context.support.DependencyInjectionTestExecutionListener, org.springframework.test.context.support.DirtiesContextTestExecutionListener, org.springframework.test.context.transaction.TransactionalTestExecutionListener, org.springframework.test.context.jdbc.SqlScriptsTestExecutionListener, org.springframework.test.context.event.EventPublishingTestExecutionListener]
14:26:40.230 [Test worker] DEBUG org.springframework.boot.test.context.SpringBootTestContextBootstrapper - Skipping candidate TestExecutionListener [org.springframework.test.context.transaction.TransactionalTestExecutionListener] due to a missing dependency. Specify custom listener classes or make the default listener classes and their required dependencies available. Offending class: [org/springframework/transaction/interceptor/TransactionAttributeSource]
14:26:40.230 [Test worker] DEBUG org.springframework.boot.test.context.SpringBootTestContextBootstrapper - Skipping candidate TestExecutionListener [org.springframework.test.context.jdbc.SqlScriptsTestExecutionListener] due to a missing dependency. Specify custom listener classes or make the default listener classes and their required dependencies available. Offending class: [org/springframework/transaction/interceptor/TransactionAttribute]
14:26:40.230 [Test worker] INFO org.springframework.boot.test.context.SpringBootTestContextBootstrapper - Using TestExecutionListeners: [org.springframework.test.context.web.ServletTestExecutionListener@458342d3, org.springframework.test.context.support.DirtiesContextBeforeModesTestExecutionListener@15c25153, org.springframework.test.context.event.ApplicationEventsTestExecutionListener@1252b961, org.springframework.boot.test.mock.mockito.MockitoTestExecutionListener@9ed238c, org.springframework.boot.test.autoconfigure.SpringBootDependencyInjectionTestExecutionListener@56276db8, org.springframework.test.context.support.DirtiesContextTestExecutionListener@51e8e6e6, org.springframework.test.context.event.EventPublishingTestExecutionListener@56f6d40b, org.springframework.boot.test.autoconfigure.restdocs.RestDocsTestExecutionListener@36676c1a, org.springframework.boot.test.autoconfigure.web.client.MockRestServiceServerResetTestExecutionListener@5b408dc3, org.springframework.boot.test.autoconfigure.web.servlet.MockMvcPrintOnlyOnFailureTestExecutionListener@4d098f9b, org.springframework.boot.test.autoconfigure.web.servlet.WebDriverTestExecutionListener@2dbf4cbd, org.springframework.boot.test.autoconfigure.webservices.client.MockWebServiceServerTestExecutionListener@20b5f2ac, org.springframework.boot.test.mock.mockito.ResetMocksTestExecutionListener@7fc44dec]
14:26:40.233 [Test worker] DEBUG org.springframework.test.context.support.AbstractDirtiesContextTestExecutionListener - Before test class: context [DefaultTestContext@350ec41e testClass = WeatherApplicationTests, testInstance = [null], testMethod = [null], testException = [null], mergedContextConfiguration = [WebMergedContextConfiguration@69637b10 testClass = WeatherApplicationTests, locations = '{}', classes = '{class zerobase.weather.WeatherApplication}', contextInitializerClasses = '[]', activeProfiles = '{}', propertySourceLocations = '{}', propertySourceProperties = '{org.springframework.boot.test.context.SpringBootTestContextBootstrapper=true}', contextCustomizers = set[org.springframework.boot.test.autoconfigure.actuate.metrics.MetricsExportContextCustomizerFactory$DisableMetricExportContextCustomizer@598bd2ba, org.springframework.boot.test.autoconfigure.properties.PropertyMappingContextCustomizer@0, org.springframework.boot.test.autoconfigure.web.servlet.WebDriverContextCustomizerFactory$Customizer@4b40f651, org.springframework.boot.test.context.filter.ExcludeFilterContextCustomizer@466276d8, org.springframework.boot.test.json.DuplicateJsonObjectContextCustomizerFactory$DuplicateJsonObjectContextCustomizer@64c63c79, org.springframework.boot.test.mock.mockito.MockitoContextCustomizer@0, org.springframework.boot.test.web.client.TestRestTemplateContextCustomizer@336f1079, org.springframework.boot.test.context.SpringBootTestArgs@1, org.springframework.boot.test.context.SpringBootTestWebEnvironment@7671cb68], resourceBasePath = 'src/main/webapp', contextLoader = 'org.springframework.boot.test.context.SpringBootContextLoader', parent = [null]], attributes = map['org.springframework.test.context.web.ServletTestExecutionListener.activateListener' -> true]], class annotated with @DirtiesContext [false] with mode [null].

  .   ____          _            __ _ _
 /\\ / ___'_ __ _ _(_)_ __  __ _ \ \ \ \
( ( )\___ | '_ | '_| | '_ \/ _` | \ \ \ \
 \\/  ___)| |_)| | | | | || (_| |  ) ) ) )
  '  |____| .__|_| |_|_| |_\__, | / / / /
 =========|_|==============|___/=/_/_/_/
 :: Spring Boot ::                (v2.6.4)

2022-09-01 14:26:40.410  INFO 352 --- [    Test worker] z.weather.WeatherApplicationTests        : Starting WeatherApplicationTests using Java 18.0.2.1 on DESKTOP-R7ANO7G with PID 352 (started by lee in D:\zerobase_project\weather_diary\weather_diary_skeleton)
2022-09-01 14:26:40.411  INFO 352 --- [    Test worker] z.weather.WeatherApplicationTests        : No active profile set, falling back to 1 default profile: "default"
2022-09-01 14:26:41.270  INFO 352 --- [    Test worker] z.weather.WeatherApplicationTests        : Started WeatherApplicationTests in 1.012 seconds (JVM running for 1.664)
]]></system-out>
  <system-err><![CDATA[]]></system-err>
</testsuite>
